0 info it worked if it ends with ok
1 verbose cli [ '/Users/Nicholas/.nvm/versions/node/v7.7.2/bin/node',
1 verbose cli   '/Users/Nicholas/.nvm/versions/node/v7.7.2/bin/npm',
1 verbose cli   'publish' ]
2 info using npm@4.1.2
3 info using node@v7.7.2
4 verbose publish [ '.' ]
5 silly cache add args [ '.', null ]
6 verbose cache add spec .
7 silly cache add parsed spec Result {
7 silly cache add   raw: '.',
7 silly cache add   scope: null,
7 silly cache add   escapedName: null,
7 silly cache add   name: null,
7 silly cache add   rawSpec: '.',
7 silly cache add   spec: '/Users/Nicholas/Desktop/serum',
7 silly cache add   type: 'directory' }
8 verbose addLocalDirectory /Users/Nicholas/.npm/serum/1.0.0/package.tgz not in flight; packing
9 verbose correctMkdir /Users/Nicholas/.npm correctMkdir not in flight; initializing
10 info lifecycle serum@1.0.0~prepublish: serum@1.0.0
11 silly lifecycle serum@1.0.0~prepublish: no script for prepublish, continuing
12 info lifecycle serum@1.0.0~prepare: serum@1.0.0
13 silly lifecycle serum@1.0.0~prepare: no script for prepare, continuing
14 verbose tar pack [ '/Users/Nicholas/.npm/serum/1.0.0/package.tgz',
14 verbose tar pack   '/Users/Nicholas/Desktop/serum' ]
15 verbose tarball /Users/Nicholas/.npm/serum/1.0.0/package.tgz
16 verbose folder /Users/Nicholas/Desktop/serum
17 verbose addLocalTarball adding from inside cache /Users/Nicholas/.npm/serum/1.0.0/package.tgz
18 verbose correctMkdir /Users/Nicholas/.npm correctMkdir not in flight; initializing
19 silly cache afterAdd serum@1.0.0
20 verbose afterAdd /Users/Nicholas/.npm/serum/1.0.0/package/package.json not in flight; writing
21 verbose correctMkdir /Users/Nicholas/.npm correctMkdir not in flight; initializing
22 verbose afterAdd /Users/Nicholas/.npm/serum/1.0.0/package/package.json written
23 silly publish { name: 'serum',
23 silly publish   version: '1.0.0',
23 silly publish   license: 'MIT',
23 silly publish   main: 'lib/index.js',
23 silly publish   dependencies: { 'babel-cli': '^6.24.0', expect: '^1.20.2' },
23 silly publish   scripts:
23 silly publish    { start: 'nodemon ./examples/index.js --exec babel-node --presets es2015,stage-2',
23 silly publish      clean: 'rm -rf lib && mkdir lib',
23 silly publish      'build-lib': 'babel ./src --out-dir ./lib',
23 silly publish      build: 'yarn run clean && yarn run build-lib' },
23 silly publish   devDependencies:
23 silly publish    { 'babel-eslint': '^7.2.1',
23 silly publish      'babel-plugin-transform-decorators-legacy': '^1.3.4',
23 silly publish      'babel-preset-es2015': '^6.24.0',
23 silly publish      'babel-preset-stage-2': '^6.22.0',
23 silly publish      eslint: '^3.18.0',
23 silly publish      jasmine: '^2.5.3',
23 silly publish      nodemon: '^1.11.0' },
23 silly publish   description: 'A super light-weight dependency injection module written in ES6, inspired by Krasimir Tsonev\'s blog post http://krasimirtsonev.com/blog/article/Dependency-injection-in-JavaScript',
23 silly publish   repository:
23 silly publish    { type: 'git',
23 silly publish      url: 'git+https://github.com/noviumcollective/serum.git' },
23 silly publish   keywords: [ 'serum', 'serumjs', 'dependency', 'injection', 'IoC', 'es6' ],
23 silly publish   author: { name: 'Nicholas Credli', email: 'nicholas.credli@gmail.com' },
23 silly publish   bugs: { url: 'https://github.com/noviumcollective/serum/issues' },
23 silly publish   homepage: 'https://github.com/noviumcollective/serum#readme',
23 silly publish   readme: 'ERROR: No README data found!',
23 silly publish   readmeFilename: 'readme.md',
23 silly publish   _id: 'serum@1.0.0',
23 silly publish   _shasum: '5c789638b21c0863792737ebd19c59cb48f601aa',
23 silly publish   _from: '.' }
24 info lifecycle serum@1.0.0~prepublishOnly: serum@1.0.0
25 silly lifecycle serum@1.0.0~prepublishOnly: no script for prepublishOnly, continuing
26 verbose getPublishConfig undefined
27 silly mapToRegistry name serum
28 silly mapToRegistry using default registry
29 silly mapToRegistry registry https://registry.npmjs.org/
30 silly mapToRegistry data Result {
30 silly mapToRegistry   raw: 'serum',
30 silly mapToRegistry   scope: null,
30 silly mapToRegistry   escapedName: 'serum',
30 silly mapToRegistry   name: 'serum',
30 silly mapToRegistry   rawSpec: '',
30 silly mapToRegistry   spec: 'latest',
30 silly mapToRegistry   type: 'tag' }
31 silly mapToRegistry uri https://registry.npmjs.org/serum
32 verbose publish registryBase https://registry.npmjs.org/
33 silly publish uploading /Users/Nicholas/.npm/serum/1.0.0/package.tgz
34 verbose request uri https://registry.npmjs.org/serum
35 verbose request sending authorization for write operation
36 info attempt registry request try #1 at 11:02:52 PM
37 verbose request using bearer token for auth
38 verbose request id c6e4c4160668d7d1
39 http request PUT https://registry.npmjs.org/serum
40 http 403 https://registry.npmjs.org/serum
41 verbose headers { 'content-type': 'application/json',
41 verbose headers   'cache-control': 'max-age=300',
41 verbose headers   'content-length': '99',
41 verbose headers   'accept-ranges': 'bytes',
41 verbose headers   date: 'Wed, 29 Mar 2017 19:02:55 GMT',
41 verbose headers   via: '1.1 varnish',
41 verbose headers   connection: 'keep-alive',
41 verbose headers   'x-served-by': 'cache-fjr7920-FJR',
41 verbose headers   'x-cache': 'MISS',
41 verbose headers   'x-cache-hits': '0',
41 verbose headers   'x-timer': 'S1490814173.449371,VS0,VE1575',
41 verbose headers   vary: 'Accept-Encoding' }
42 verbose request invalidating /Users/Nicholas/.npm/registry.npmjs.org/serum on PUT
43 error publish Failed PUT 403
44 verbose stack Error: you do not have permission to publish "serum". Are you logged in as the correct user? : serum
44 verbose stack     at makeError (/Users/Nicholas/.nvm/versions/node/v7.7.2/lib/node_modules/npm/node_modules/npm-registry-client/lib/request.js:304:12)
44 verbose stack     at CachingRegistryClient.<anonymous> (/Users/Nicholas/.nvm/versions/node/v7.7.2/lib/node_modules/npm/node_modules/npm-registry-client/lib/request.js:292:14)
44 verbose stack     at Request._callback (/Users/Nicholas/.nvm/versions/node/v7.7.2/lib/node_modules/npm/node_modules/npm-registry-client/lib/request.js:212:14)
44 verbose stack     at Request.self.callback (/Users/Nicholas/.nvm/versions/node/v7.7.2/lib/node_modules/npm/node_modules/request/request.js:186:22)
44 verbose stack     at emitTwo (events.js:106:13)
44 verbose stack     at Request.emit (events.js:194:7)
44 verbose stack     at Request.<anonymous> (/Users/Nicholas/.nvm/versions/node/v7.7.2/lib/node_modules/npm/node_modules/request/request.js:1081:10)
44 verbose stack     at emitOne (events.js:96:13)
44 verbose stack     at Request.emit (events.js:191:7)
44 verbose stack     at IncomingMessage.<anonymous> (/Users/Nicholas/.nvm/versions/node/v7.7.2/lib/node_modules/npm/node_modules/request/request.js:1001:12)
45 verbose statusCode 403
46 verbose pkgid serum
47 verbose cwd /Users/Nicholas/Desktop/serum
48 error Darwin 16.4.0
49 error argv "/Users/Nicholas/.nvm/versions/node/v7.7.2/bin/node" "/Users/Nicholas/.nvm/versions/node/v7.7.2/bin/npm" "publish"
50 error node v7.7.2
51 error npm  v4.1.2
52 error code E403
53 error you do not have permission to publish "serum". Are you logged in as the correct user? : serum
54 error If you need help, you may report this error at:
54 error     <https://github.com/npm/npm/issues>
55 verbose exit [ 1, true ]
